<?xml version="1.0" encoding="UTF-8"?>
<!-- Generated by org.testng.reporters.JUnitXMLReporter -->
<testsuite hostname="DESKTOP-6DABOG8" name="WhatEveryYouWant" tests="1" failures="1" timestamp="18 Dec 2017 15:27:24 GMT" time="0.068" errors="0">
  <testcase name="f" time="0.032" classname="com.revature.pages.NewTest">
    <failure type="java.lang.NullPointerException">
      <![CDATA[java.lang.NullPointerException
	at com.revature.pages.NewTest.f(NewTest.java:28)
... Removed 24 stack frames]]>
    </failure>
  </testcase> <!-- f -->
</testsuite> <!-- WhatEveryYouWant -->
